{
  message: 'Connected to Mongo',
  level: 'info',
  label: 'University Of PH',
  timestamp: '2023-06-13T16:02:30.671Z'
}
{
  message: 'Example app listening on port 5000',
  level: 'info',
  label: 'University Of PH',
  timestamp: '2023-06-13T16:02:30.689Z'
}
{
  message: 'Connected to Mongo',
  level: 'info',
  label: 'University Of PH',
  timestamp: '2023-06-13T16:03:17.324Z'
}
{
  message: 'Example app listening on port 5000',
  level: 'info',
  label: 'University Of PH',
  timestamp: '2023-06-13T16:03:17.347Z'
}
{
  message: 'Connected to Mongo',
  level: 'info',
  label: 'University Of PH',
  timestamp: '2023-06-13T16:03:34.800Z'
}
{
  message: 'Example app listening on port 5000',
  level: 'info',
  label: 'University Of PH',
  timestamp: '2023-06-13T16:03:34.823Z'
}
{
  message: 'Connected to Mongo',
  level: 'info',
  label: 'University Of PH',
  timestamp: '2023-06-13T16:04:00.369Z'
}
{
  message: 'Example app listening on port 5000',
  level: 'info',
  label: 'University Of PH',
  timestamp: '2023-06-13T16:04:00.434Z'
}
{
  message: 'Connected to Mongo',
  level: 'info',
  label: 'University Of PH',
  timestamp: '2023-06-13T16:04:05.996Z'
}
{
  message: 'Example app listening on port 5000',
  level: 'info',
  label: 'University Of PH',
  timestamp: '2023-06-13T16:04:06.020Z'
}
{
  message: 'Connected to Mongo',
  level: 'info',
  label: 'University Of PH',
  timestamp: '2023-06-13T16:04:50.179Z'
}
{
  message: 'Example app listening on port 5000',
  level: 'info',
  label: 'University Of PH',
  timestamp: '2023-06-13T16:04:50.212Z'
}
{
  message: 'Connected to Mongo',
  level: 'info',
  label: 'University Of PH',
  timestamp: '2023-06-13T16:07:13.070Z'
}
{
  message: 'Example app listening on port 5000',
  level: 'info',
  label: 'University Of PH',
  timestamp: '2023-06-13T16:07:13.087Z'
}
{
  message: 'Connected to Mongo',
  level: 'info',
  label: 'University Of PH',
  timestamp: '2023-06-13T16:07:27.969Z'
}
{
  message: 'Example app listening on port 5000',
  level: 'info',
  label: 'University Of PH',
  timestamp: '2023-06-13T16:07:28.005Z'
}
{
  message: 'Connected to Mongo',
  level: 'info',
  label: 'University Of PH',
  timestamp: '2023-06-13T16:08:31.840Z'
}
{
  message: 'Example app listening on port 5000',
  level: 'info',
  label: 'University Of PH',
  timestamp: '2023-06-13T16:08:31.860Z'
}
{
  message: 'Connected to Mongo',
  level: 'info',
  label: 'University Of PH',
  timestamp: '2023-06-13T16:08:47.617Z'
}
{
  message: 'Example app listening on port 5000',
  level: 'info',
  label: 'University Of PH',
  timestamp: '2023-06-13T16:08:47.640Z'
}
{
  message: 'Connected to Mongo',
  level: 'info',
  label: 'University Of PH',
  timestamp: '2023-06-13T16:09:25.286Z'
}
{
  message: 'Example app listening on port 5000',
  level: 'info',
  label: 'University Of PH',
  timestamp: '2023-06-13T16:09:25.313Z'
}
{
  message: 'Connected to Mongo',
  level: 'info',
  label: 'University Of PH',
  timestamp: '2023-06-13T16:10:15.600Z'
}
{
  message: 'Example app listening on port 5000',
  level: 'info',
  label: 'University Of PH',
  timestamp: '2023-06-13T16:10:15.623Z'
}
{
  message: 'Connected to Mongo',
  level: 'info',
  label: 'University Of PH',
  timestamp: '2023-06-13T16:28:49.698Z'
}
{
  message: 'Example app listening on port 5000',
  level: 'info',
  label: 'University Of PH',
  timestamp: '2023-06-13T16:28:49.721Z'
}
{
  message: 'Connected to Mongo',
  level: 'info',
  label: 'University Of PH',
  timestamp: '2023-06-13T16:41:52.995Z'
}
{
  message: 'Example app listening on port 5000',
  level: 'info',
  label: 'University Of PH',
  timestamp: '2023-06-13T16:41:53.014Z'
}
{
  message: 'Connected to Mongo',
  level: 'info',
  label: 'University Of PH',
  timestamp: '2023-06-13T16:44:34.256Z'
}
{
  message: 'Example app listening on port 5000',
  level: 'info',
  label: 'University Of PH',
  timestamp: '2023-06-13T16:44:34.275Z'
}
{
  message: 'Connected to Mongo',
  level: 'info',
  label: 'University Of PH',
  timestamp: '2023-06-13T16:45:52.635Z'
}
{
  message: 'Example app listening on port 5000',
  level: 'info',
  label: 'University Of PH',
  timestamp: '2023-06-13T16:45:52.647Z'
}
{
  message: 'Connected to Mongo',
  level: 'info',
  label: 'University Of PH',
  timestamp: '2023-06-13T16:46:17.449Z'
}
{
  message: 'Example app listening on port 5000',
  level: 'info',
  label: 'University Of PH',
  timestamp: '2023-06-13T16:46:17.485Z'
}
{
  message: 'Connected to Mongo',
  level: 'info',
  label: 'University Of PH',
  timestamp: '2023-06-13T16:47:14.614Z'
}
{
  message: 'Example app listening on port 5000',
  level: 'info',
  label: 'University Of PH',
  timestamp: '2023-06-13T16:47:14.653Z'
}
