{
  message: 'Connected to Mongo',
  level: 'info',
  label: 'University Of PH',
  timestamp: '2023-06-15T10:00:39.740Z'
}
{
  message: 'Example app listening on port 5000',
  level: 'info',
  label: 'University Of PH',
  timestamp: '2023-06-15T10:00:39.759Z'
}
{
  message: 'Connected to Mongo',
  level: 'info',
  label: 'University Of PH',
  timestamp: '2023-06-15T10:01:01.395Z'
}
{
  message: 'Example app listening on port 5000',
  level: 'info',
  label: 'University Of PH',
  timestamp: '2023-06-15T10:01:01.416Z'
}
{
  message: 'Connected to Mongo',
  level: 'info',
  label: 'University Of PH',
  timestamp: '2023-06-15T10:01:31.835Z'
}
{
  message: 'Example app listening on port 5000',
  level: 'info',
  label: 'University Of PH',
  timestamp: '2023-06-15T10:01:31.848Z'
}
{
  message: 'Connected to Mongo',
  level: 'info',
  label: 'University Of PH',
  timestamp: '2023-06-15T10:02:33.859Z'
}
{
  message: 'Example app listening on port 5000',
  level: 'info',
  label: 'University Of PH',
  timestamp: '2023-06-15T10:02:33.883Z'
}
{
  message: 'Connected to Mongo',
  level: 'info',
  label: 'University Of PH',
  timestamp: '2023-06-15T10:10:42.925Z'
}
{
  message: 'Example app listening on port 5000',
  level: 'info',
  label: 'University Of PH',
  timestamp: '2023-06-15T10:10:42.948Z'
}
{
  message: 'Connected to Mongo',
  level: 'info',
  label: 'University Of PH',
  timestamp: '2023-06-15T10:12:33.988Z'
}
{
  message: 'Example app listening on port 5000',
  level: 'info',
  label: 'University Of PH',
  timestamp: '2023-06-15T10:12:34.013Z'
}
{
  message: 'Connected to Mongo',
  level: 'info',
  label: 'University Of PH',
  timestamp: '2023-06-15T10:13:50.705Z'
}
{
  message: 'Example app listening on port 5000',
  level: 'info',
  label: 'University Of PH',
  timestamp: '2023-06-15T10:13:50.723Z'
}
{
  message: 'Connected to Mongo',
  level: 'info',
  label: 'University Of PH',
  timestamp: '2023-06-15T10:13:58.703Z'
}
{
  message: 'Example app listening on port 5000',
  level: 'info',
  label: 'University Of PH',
  timestamp: '2023-06-15T10:13:58.721Z'
}
{
  message: 'Connected to Mongo',
  level: 'info',
  label: 'University Of PH',
  timestamp: '2023-06-15T10:21:20.341Z'
}
{
  message: 'Example app listening on port 5000',
  level: 'info',
  label: 'University Of PH',
  timestamp: '2023-06-15T10:21:20.360Z'
}
{
  message: 'Connected to Mongo',
  level: 'info',
  label: 'University Of PH',
  timestamp: '2023-06-15T10:21:35.429Z'
}
{
  message: 'Example app listening on port 5000',
  level: 'info',
  label: 'University Of PH',
  timestamp: '2023-06-15T10:21:35.444Z'
}
{
  message: 'Connected to Mongo',
  level: 'info',
  label: 'University Of PH',
  timestamp: '2023-06-15T10:22:10.666Z'
}
{
  message: 'Example app listening on port 5000',
  level: 'info',
  label: 'University Of PH',
  timestamp: '2023-06-15T10:22:10.685Z'
}
{
  message: 'Connected to Mongo',
  level: 'info',
  label: 'University Of PH',
  timestamp: '2023-06-15T10:28:28.302Z'
}
{
  message: 'Example app listening on port 5000',
  level: 'info',
  label: 'University Of PH',
  timestamp: '2023-06-15T10:28:28.318Z'
}
{
  message: 'Connected to Mongo',
  level: 'info',
  label: 'University Of PH',
  timestamp: '2023-06-15T10:33:25.451Z'
}
{
  message: 'Example app listening on port 5000',
  level: 'info',
  label: 'University Of PH',
  timestamp: '2023-06-15T10:33:25.467Z'
}
{
  message: 'Connected to Mongo',
  level: 'info',
  label: 'University Of PH',
  timestamp: '2023-06-15T10:33:32.687Z'
}
{
  message: 'Example app listening on port 5000',
  level: 'info',
  label: 'University Of PH',
  timestamp: '2023-06-15T10:33:32.701Z'
}
{
  message: 'Connected to Mongo',
  level: 'info',
  label: 'University Of PH',
  timestamp: '2023-06-15T10:33:46.363Z'
}
{
  message: 'Example app listening on port 5000',
  level: 'info',
  label: 'University Of PH',
  timestamp: '2023-06-15T10:33:46.392Z'
}
{
  message: 'Connected to Mongo',
  level: 'info',
  label: 'University Of PH',
  timestamp: '2023-06-15T10:33:53.212Z'
}
{
  message: 'Example app listening on port 5000',
  level: 'info',
  label: 'University Of PH',
  timestamp: '2023-06-15T10:33:53.228Z'
}
{
  message: 'Connected to Mongo',
  level: 'info',
  label: 'University Of PH',
  timestamp: '2023-06-15T10:34:02.205Z'
}
{
  message: 'Example app listening on port 5000',
  level: 'info',
  label: 'University Of PH',
  timestamp: '2023-06-15T10:34:02.220Z'
}
{
  message: 'Connected to Mongo',
  level: 'info',
  label: 'University Of PH',
  timestamp: '2023-06-15T10:34:08.128Z'
}
{
  message: 'Example app listening on port 5000',
  level: 'info',
  label: 'University Of PH',
  timestamp: '2023-06-15T10:34:08.142Z'
}
{
  message: 'Connected to Mongo',
  level: 'info',
  label: 'University Of PH',
  timestamp: '2023-06-15T10:38:27.083Z'
}
{
  message: 'Example app listening on port 5000',
  level: 'info',
  label: 'University Of PH',
  timestamp: '2023-06-15T10:38:27.100Z'
}
{
  message: 'Connected to Mongo',
  level: 'info',
  label: 'University Of PH',
  timestamp: '2023-06-15T10:38:37.767Z'
}
{
  message: 'Example app listening on port 5000',
  level: 'info',
  label: 'University Of PH',
  timestamp: '2023-06-15T10:38:37.786Z'
}
{
  message: 'Connected to Mongo',
  level: 'info',
  label: 'University Of PH',
  timestamp: '2023-06-15T10:40:06.137Z'
}
{
  message: 'Example app listening on port 5000',
  level: 'info',
  label: 'University Of PH',
  timestamp: '2023-06-15T10:40:06.153Z'
}
{
  message: 'Connected to Mongo',
  level: 'info',
  label: 'University Of PH',
  timestamp: '2023-06-15T10:45:57.414Z'
}
{
  message: 'Example app listening on port 5000',
  level: 'info',
  label: 'University Of PH',
  timestamp: '2023-06-15T10:45:57.433Z'
}
{
  message: 'Connected to Mongo',
  level: 'info',
  label: 'University Of PH',
  timestamp: '2023-06-15T10:46:10.388Z'
}
{
  message: 'Example app listening on port 5000',
  level: 'info',
  label: 'University Of PH',
  timestamp: '2023-06-15T10:46:10.414Z'
}
{
  message: 'Connected to Mongo',
  level: 'info',
  label: 'University Of PH',
  timestamp: '2023-06-15T10:46:29.016Z'
}
{
  message: 'Example app listening on port 5000',
  level: 'info',
  label: 'University Of PH',
  timestamp: '2023-06-15T10:46:29.038Z'
}
{
  message: 'Connected to Mongo',
  level: 'info',
  label: 'University Of PH',
  timestamp: '2023-06-15T10:47:52.195Z'
}
{
  message: 'Example app listening on port 5000',
  level: 'info',
  label: 'University Of PH',
  timestamp: '2023-06-15T10:47:52.216Z'
}
{
  message: 'Connected to Mongo',
  level: 'info',
  label: 'University Of PH',
  timestamp: '2023-06-15T10:48:39.851Z'
}
{
  message: 'Example app listening on port 5000',
  level: 'info',
  label: 'University Of PH',
  timestamp: '2023-06-15T10:48:39.881Z'
}
{
  message: 'Connected to Mongo',
  level: 'info',
  label: 'University Of PH',
  timestamp: '2023-06-15T10:48:50.566Z'
}
{
  message: 'Example app listening on port 5000',
  level: 'info',
  label: 'University Of PH',
  timestamp: '2023-06-15T10:48:50.582Z'
}
{
  message: 'Connected to Mongo',
  level: 'info',
  label: 'University Of PH',
  timestamp: '2023-06-15T10:49:06.089Z'
}
{
  message: 'Example app listening on port 5000',
  level: 'info',
  label: 'University Of PH',
  timestamp: '2023-06-15T10:49:06.115Z'
}
{
  message: 'Connected to Mongo',
  level: 'info',
  label: 'University Of PH',
  timestamp: '2023-06-15T10:49:30.934Z'
}
{
  message: 'Example app listening on port 5000',
  level: 'info',
  label: 'University Of PH',
  timestamp: '2023-06-15T10:49:30.964Z'
}
{
  message: 'Connected to Mongo',
  level: 'info',
  label: 'University Of PH',
  timestamp: '2023-06-15T10:50:35.410Z'
}
{
  message: 'Example app listening on port 5000',
  level: 'info',
  label: 'University Of PH',
  timestamp: '2023-06-15T10:50:35.453Z'
}
{
  message: 'Connected to Mongo',
  level: 'info',
  label: 'University Of PH',
  timestamp: '2023-06-15T10:50:40.418Z'
}
{
  message: 'Example app listening on port 5000',
  level: 'info',
  label: 'University Of PH',
  timestamp: '2023-06-15T10:50:40.437Z'
}
{
  message: 'Connected to Mongo',
  level: 'info',
  label: 'University Of PH',
  timestamp: '2023-06-15T10:51:04.126Z'
}
{
  message: 'Example app listening on port 5000',
  level: 'info',
  label: 'University Of PH',
  timestamp: '2023-06-15T10:51:04.151Z'
}
{
  message: 'Connected to Mongo',
  level: 'info',
  label: 'University Of PH',
  timestamp: '2023-06-15T10:53:07.931Z'
}
{
  message: 'Example app listening on port 5000',
  level: 'info',
  label: 'University Of PH',
  timestamp: '2023-06-15T10:53:07.960Z'
}
{
  message: 'Connected to Mongo',
  level: 'info',
  label: 'University Of PH',
  timestamp: '2023-06-15T10:58:29.270Z'
}
{
  message: 'Example app listening on port 5000',
  level: 'info',
  label: 'University Of PH',
  timestamp: '2023-06-15T10:58:29.291Z'
}
