{
  message: 'Connected to Mongo',
  level: 'info',
  label: 'University Of PH',
  timestamp: '2023-06-15T09:15:02.237Z'
}
{
  message: 'Example app listening on port 5000',
  level: 'info',
  label: 'University Of PH',
  timestamp: '2023-06-15T09:15:02.268Z'
}
{
  message: 'Connected to Mongo',
  level: 'info',
  label: 'University Of PH',
  timestamp: '2023-06-15T09:16:06.334Z'
}
{
  message: 'Example app listening on port 5000',
  level: 'info',
  label: 'University Of PH',
  timestamp: '2023-06-15T09:16:06.354Z'
}
{
  message: 'Connected to Mongo',
  level: 'info',
  label: 'University Of PH',
  timestamp: '2023-06-15T09:17:44.877Z'
}
{
  message: 'Example app listening on port 5000',
  level: 'info',
  label: 'University Of PH',
  timestamp: '2023-06-15T09:17:44.915Z'
}
{
  message: 'Connected to Mongo',
  level: 'info',
  label: 'University Of PH',
  timestamp: '2023-06-15T09:17:49.008Z'
}
{
  message: 'Example app listening on port 5000',
  level: 'info',
  label: 'University Of PH',
  timestamp: '2023-06-15T09:17:49.023Z'
}
{
  message: 'Connected to Mongo',
  level: 'info',
  label: 'University Of PH',
  timestamp: '2023-06-15T09:17:54.181Z'
}
{
  message: 'Example app listening on port 5000',
  level: 'info',
  label: 'University Of PH',
  timestamp: '2023-06-15T09:17:54.200Z'
}
{
  message: 'Connected to Mongo',
  level: 'info',
  label: 'University Of PH',
  timestamp: '2023-06-15T09:18:39.753Z'
}
{
  message: 'Example app listening on port 5000',
  level: 'info',
  label: 'University Of PH',
  timestamp: '2023-06-15T09:18:39.772Z'
}
{
  message: 'Connected to Mongo',
  level: 'info',
  label: 'University Of PH',
  timestamp: '2023-06-15T09:19:06.587Z'
}
{
  message: 'Example app listening on port 5000',
  level: 'info',
  label: 'University Of PH',
  timestamp: '2023-06-15T09:19:06.606Z'
}
{
  message: 'Connected to Mongo',
  level: 'info',
  label: 'University Of PH',
  timestamp: '2023-06-15T09:20:39.326Z'
}
{
  message: 'Example app listening on port 5000',
  level: 'info',
  label: 'University Of PH',
  timestamp: '2023-06-15T09:20:39.348Z'
}
{
  message: 'Connected to Mongo',
  level: 'info',
  label: 'University Of PH',
  timestamp: '2023-06-15T09:20:52.739Z'
}
{
  message: 'Example app listening on port 5000',
  level: 'info',
  label: 'University Of PH',
  timestamp: '2023-06-15T09:20:52.761Z'
}
{
  message: 'Connected to Mongo',
  level: 'info',
  label: 'University Of PH',
  timestamp: '2023-06-15T09:21:34.388Z'
}
{
  message: 'Example app listening on port 5000',
  level: 'info',
  label: 'University Of PH',
  timestamp: '2023-06-15T09:21:34.475Z'
}
{
  message: 'Connected to Mongo',
  level: 'info',
  label: 'University Of PH',
  timestamp: '2023-06-15T09:22:38.182Z'
}
{
  message: 'Example app listening on port 5000',
  level: 'info',
  label: 'University Of PH',
  timestamp: '2023-06-15T09:22:38.204Z'
}
{
  message: 'Connected to Mongo',
  level: 'info',
  label: 'University Of PH',
  timestamp: '2023-06-15T09:41:48.125Z'
}
{
  message: 'Example app listening on port 5000',
  level: 'info',
  label: 'University Of PH',
  timestamp: '2023-06-15T09:41:48.153Z'
}
{
  message: 'Connected to Mongo',
  level: 'info',
  label: 'University Of PH',
  timestamp: '2023-06-15T09:41:58.101Z'
}
{
  message: 'Example app listening on port 5000',
  level: 'info',
  label: 'University Of PH',
  timestamp: '2023-06-15T09:41:58.120Z'
}
{
  message: 'Connected to Mongo',
  level: 'info',
  label: 'University Of PH',
  timestamp: '2023-06-15T09:46:11.054Z'
}
{
  message: 'Example app listening on port 5000',
  level: 'info',
  label: 'University Of PH',
  timestamp: '2023-06-15T09:46:11.077Z'
}
{
  message: 'Connected to Mongo',
  level: 'info',
  label: 'University Of PH',
  timestamp: '2023-06-15T09:46:42.696Z'
}
{
  message: 'Example app listening on port 5000',
  level: 'info',
  label: 'University Of PH',
  timestamp: '2023-06-15T09:46:42.714Z'
}
{
  message: 'Connected to Mongo',
  level: 'info',
  label: 'University Of PH',
  timestamp: '2023-06-15T09:46:53.031Z'
}
{
  message: 'Example app listening on port 5000',
  level: 'info',
  label: 'University Of PH',
  timestamp: '2023-06-15T09:46:53.051Z'
}
{
  message: 'Connected to Mongo',
  level: 'info',
  label: 'University Of PH',
  timestamp: '2023-06-15T09:50:42.201Z'
}
{
  message: 'Example app listening on port 5000',
  level: 'info',
  label: 'University Of PH',
  timestamp: '2023-06-15T09:50:42.217Z'
}
{
  message: 'Connected to Mongo',
  level: 'info',
  label: 'University Of PH',
  timestamp: '2023-06-15T09:50:49.270Z'
}
{
  message: 'Example app listening on port 5000',
  level: 'info',
  label: 'University Of PH',
  timestamp: '2023-06-15T09:50:49.291Z'
}
{
  message: 'Connected to Mongo',
  level: 'info',
  label: 'University Of PH',
  timestamp: '2023-06-15T09:51:11.355Z'
}
{
  message: 'Example app listening on port 5000',
  level: 'info',
  label: 'University Of PH',
  timestamp: '2023-06-15T09:51:11.374Z'
}
{
  message: 'Connected to Mongo',
  level: 'info',
  label: 'University Of PH',
  timestamp: '2023-06-15T09:51:21.861Z'
}
{
  message: 'Example app listening on port 5000',
  level: 'info',
  label: 'University Of PH',
  timestamp: '2023-06-15T09:51:21.877Z'
}
{
  message: 'Connected to Mongo',
  level: 'info',
  label: 'University Of PH',
  timestamp: '2023-06-15T09:53:12.639Z'
}
{
  message: 'Example app listening on port 5000',
  level: 'info',
  label: 'University Of PH',
  timestamp: '2023-06-15T09:53:12.654Z'
}
{
  message: 'Connected to Mongo',
  level: 'info',
  label: 'University Of PH',
  timestamp: '2023-06-15T09:53:31.231Z'
}
{
  message: 'Example app listening on port 5000',
  level: 'info',
  label: 'University Of PH',
  timestamp: '2023-06-15T09:53:31.254Z'
}
{
  message: 'Connected to Mongo',
  level: 'info',
  label: 'University Of PH',
  timestamp: '2023-06-15T09:59:47.765Z'
}
{
  message: 'Example app listening on port 5000',
  level: 'info',
  label: 'University Of PH',
  timestamp: '2023-06-15T09:59:47.787Z'
}
