{
  statusCode: 400,
  level: 'error',
  label: 'University Of PH',
  timestamp: '2023-06-14T17:18:18.599Z'
}
{
  statusCode: 400,
  level: 'error',
  label: 'University Of PH',
  timestamp: '2023-06-14T17:19:43.122Z'
}
{
  statusCode: 400,
  level: 'error',
  label: 'University Of PH',
  timestamp: '2023-06-14T17:21:01.949Z'
}
{
  statusCode: 400,
  level: 'error',
  label: 'University Of PH',
  timestamp: '2023-06-14T17:21:41.818Z'
}
{
  statusCode: 400,
  level: 'error',
  label: 'University Of PH',
  timestamp: '2023-06-14T17:22:29.513Z'
}
